23/05/2022 22:52:55 [main] INFO  commonUtils.GenericUtility-Actions Mouse Overing to the Element [[ChromeDriver: chrome on WINDOWS (0502df14967008fc2d6249504347ed14)] -> xpath: //div[@data-event-type='Explore Programs']]
23/05/2022 22:54:03 [main] INFO  commonUtils.GenericUtility-Actions Mouse Overing to the Element [[ChromeDriver: chrome on WINDOWS (78f380acf2cb07b186841aff116a8070)] -> xpath: //div[@data-event-type='Explore Programs']]
23/05/2022 22:55:46 [main] INFO  commonUtils.GenericUtility-Actions Mouse Overing to the Element [[ChromeDriver: chrome on WINDOWS (8c3cb19b27bb0a9385daf0e03a6ebdbf)] -> xpath: //div[@data-event-type='Explore Programs']]
23/05/2022 22:57:16 [main] INFO  commonUtils.GenericUtility-Actions Mouse Overing to the Element [[ChromeDriver: chrome on WINDOWS (f0fcadc85af91e0a8ac696f3df0ed017)] -> xpath: //div[@data-event-type='Explore Programs']]
23/05/2022 22:58:13 [main] INFO  commonUtils.GenericUtility-Actions Mouse Overing to the Element [[ChromeDriver: chrome on WINDOWS (6cd78cb5ed413032086f6168a63993d7)] -> xpath: //div[@data-event-type='Explore Programs']]
23/05/2022 23:11:13 [main] INFO  commonUtils.GenericUtility-Actions Mouse Overing to the Element [[ChromeDriver: chrome on WINDOWS (1ba56acd87f98439dfce49bdc172b6b7)] -> xpath: //div[@data-event-type='Explore Programs']]
23/05/2022 23:12:29 [main] INFO  commonUtils.GenericUtility-Actions Mouse Overing to the Element [[ChromeDriver: chrome on WINDOWS (e2f3af95070043e7b033df74aa1b7a17)] -> xpath: //div[@data-event-type='Explore Programs']]
23/05/2022 23:13:34 [main] INFO  commonUtils.GenericUtility-Actions Mouse Overing to the Element [[ChromeDriver: chrome on WINDOWS (1cbf2554e570fbccfc71ed9d4b2d39d1)] -> xpath: //div[@data-event-type='Explore Programs']]
23/05/2022 23:14:13 [main] INFO  commonUtils.GenericUtility-Actions Mouse Overing to the Element [[ChromeDriver: chrome on WINDOWS (aa210fd8769ae8bd88908ed40d31b98e)] -> xpath: //div[@data-event-type='Explore Programs']]
23/05/2022 23:17:46 [main] INFO  commonUtils.GenericUtility-Actions Mouse Overing to the Element [[ChromeDriver: chrome on WINDOWS (4c6c58c016bf2b1f353265d33f13ee43)] -> xpath: //div[@data-event-type='Explore Programs']]
23/05/2022 23:19:39 [main] INFO  commonUtils.GenericUtility-Actions Mouse Overing to the Element [[ChromeDriver: chrome on WINDOWS (191e4f67f681b12b6c670312279875a4)] -> xpath: //div[@data-event-type='Explore Programs']]
23/05/2022 23:23:27 [main] INFO  commonUtils.GenericUtility-Actions Mouse Overing to the Element [[ChromeDriver: chrome on WINDOWS (7cde353f4f973eadbdac3d367a255f82)] -> xpath: //div[@data-event-type='Explore Programs']]
23/05/2022 23:24:31 [main] INFO  commonUtils.GenericUtility-Actions Mouse Overing to the Element [[ChromeDriver: chrome on WINDOWS (071edbd07e0a98998eea81c594f832ea)] -> xpath: //div[@data-event-type='Explore Programs']]
23/05/2022 23:30:00 [main] INFO  commonUtils.GenericUtility-Actions Mouse Overing to the Element [[ChromeDriver: chrome on WINDOWS (9662d91305676a627cc615c39ca1ebd8)] -> xpath: //div[@data-event-type='Explore Programs']]
23/05/2022 23:31:58 [main] INFO  commonUtils.GenericUtility-Actions Mouse Overing to the Element [[ChromeDriver: chrome on WINDOWS (643db29db5a9e983307c660377613c45)] -> xpath: //div[@data-event-type='Explore Programs']]
23/05/2022 23:35:59 [main] INFO  commonUtils.GenericUtility-Actions Mouse Overing to the Element [[ChromeDriver: chrome on WINDOWS (73b617fecb10ce0096a8b8d041c3c9ff)] -> xpath: //div[@data-event-type='Explore Programs']]
23/05/2022 23:36:42 [main] INFO  commonUtils.GenericUtility-Actions Mouse Overing to the Element [[ChromeDriver: chrome on WINDOWS (38cf5a9c6478d8d6f35fcd71295b2016)] -> xpath: //div[@data-event-type='Explore Programs']]
23/05/2022 23:42:03 [main] INFO  commonUtils.GenericUtility-Actions Mouse Overing to the Element [[ChromeDriver: chrome on WINDOWS (0595319edb4789a8c24d6c7512fc521f)] -> xpath: //div[@data-event-type='Explore Programs']]
23/05/2022 23:47:02 [main] INFO  commonUtils.GenericUtility-Actions Mouse Overing to the Element [[ChromeDriver: chrome on WINDOWS (4ad978313f94c0745806cd596dc0eedc)] -> xpath: //div[@data-event-type='Explore Programs']]
23/05/2022 23:49:22 [main] INFO  commonUtils.GenericUtility-Actions Mouse Overing to the Element [[ChromeDriver: chrome on WINDOWS (020e50153f15ea2942dc1040db97bbbe)] -> xpath: //div[@data-event-type='Explore Programs']]
23/05/2022 23:51:04 [main] INFO  commonUtils.GenericUtility-Actions Mouse Overing to the Element [[ChromeDriver: chrome on WINDOWS (2cb98e29cd4614dcbf8517dc56806ffc)] -> xpath: //div[@data-event-type='Explore Programs']]
23/05/2022 23:54:58 [main] INFO  commonUtils.GenericUtility-Actions Mouse Overing to the Element [[ChromeDriver: chrome on WINDOWS (831b61e4035817c8ebb79287e0ef4068)] -> xpath: //div[@data-event-type='Explore Programs']]
24/05/2022 00:01:40 [main] INFO  commonUtils.GenericUtility-Actions Mouse Overing to the Element [[ChromeDriver: chrome on WINDOWS (8ebe850227a024971dea7e3af7b32b01)] -> xpath: //div[@data-event-type='Explore Programs']]
24/05/2022 00:23:23 [main] INFO  commonUtils.GenericUtility-Actions Mouse Overing to the Element [[ChromeDriver: chrome on WINDOWS (d2cabeadd009af7d08d9d8b50ba55871)] -> xpath: //div[@data-event-type='Explore Programs']]
24/05/2022 00:26:14 [main] INFO  commonUtils.GenericUtility-Actions Mouse Overing to the Element [[ChromeDriver: chrome on WINDOWS (915866e4a14609f61c3b3a9e8999b1c5)] -> xpath: //div[@data-event-type='Explore Programs']]
24/05/2022 00:27:43 [main] INFO  commonUtils.GenericUtility-Actions Mouse Overing to the Element [[ChromeDriver: chrome on WINDOWS (0ad565210ba66004c39aac80e94e7e8d)] -> xpath: //div[@data-event-type='Explore Programs']]
24/05/2022 00:30:26 [main] INFO  commonUtils.GenericUtility-Actions Mouse Overing to the Element [[ChromeDriver: chrome on WINDOWS (a746ef23a7dbb1fa787ec9d9af4a7f9f)] -> xpath: //div[@data-event-type='Explore Programs']]
24/05/2022 00:33:21 [main] INFO  commonUtils.GenericUtility-Actions Mouse Overing to the Element [[ChromeDriver: chrome on WINDOWS (b7125491f426c2222def86f119150bba)] -> xpath: //div[@data-event-type='Explore Programs']]
24/05/2022 00:43:29 [main] INFO  commonUtils.GenericUtility-Actions Mouse Overing to the Element [[ChromeDriver: chrome on WINDOWS (e5aeced4f3b064f145523a178b4453f2)] -> xpath: //div[@data-event-type='Explore Programs']]
24/05/2022 00:49:41 [main] INFO  commonUtils.GenericUtility-Actions Mouse Overing to the Element [[ChromeDriver: chrome on WINDOWS (73ccdb0d938d81dcb22592cdbda2ed3f)] -> xpath: //div[@data-event-type='Explore Programs']]
24/05/2022 00:53:49 [main] INFO  commonUtils.GenericUtility-Actions Mouse Overing to the Element [[ChromeDriver: chrome on WINDOWS (14bb1593dcd4350e9fd8ba8a4a2e53a9)] -> xpath: //div[@data-event-type='Explore Programs']]
24/05/2022 00:54:50 [main] INFO  commonUtils.GenericUtility-Actions Mouse Overing to the Element [[ChromeDriver: chrome on WINDOWS (d6340da97f5bd591d2654010d014d5d2)] -> xpath: //div[@data-event-type='Explore Programs']]
24/05/2022 01:05:34 [main] INFO  commonUtils.GenericUtility-Actions Mouse Overing to the Element [[ChromeDriver: chrome on WINDOWS (2e9abac513c75a2397b553e4ecbb9cf6)] -> xpath: //div[@data-event-type='Explore Programs']]
24/05/2022 11:23:17 [main] INFO  commonUtils.GenericUtility-Actions Mouse Overing to the Element [[ChromeDriver: chrome on WINDOWS (686f2ae983bfa9c9bb02b926886082a2)] -> xpath: //div[@data-event-type='Explore Programs']]
24/05/2022 11:59:41 [main] INFO  commonUtils.GenericUtility-Actions Mouse Overing to the Element [[ChromeDriver: chrome on WINDOWS (564e97b8b69746d65a948af85725d245)] -> xpath: //div[@data-event-type='Explore Programs']]
24/05/2022 11:59:55 [main] INFO  commonUtils.GenericUtility-Enter text in to textField: KumarTesting
24/05/2022 11:59:55 [main] INFO  commonUtils.GenericUtility-Enter text in to textField: 8095303178
24/05/2022 11:59:56 [main] INFO  commonUtils.GenericUtility-Enter text in to textField: kumartest@mailcache.com
24/05/2022 11:59:56 [main] INFO  commonUtils.GenericUtility-Enter text in to textField: Bangalore
24/05/2022 12:07:33 [main] INFO  commonUtils.GenericUtility-Actions Mouse Overing to the Element [[ChromeDriver: chrome on WINDOWS (2a933bd787d40f588fb0bb9ca5c16e5d)] -> xpath: //div[@data-event-type='Explore Programs']]
24/05/2022 12:07:47 [main] INFO  commonUtils.GenericUtility-Enter text in to textField: KumarTesting
24/05/2022 12:07:47 [main] INFO  commonUtils.GenericUtility-Enter text in to textField: 8095303178
24/05/2022 12:07:47 [main] INFO  commonUtils.GenericUtility-Enter text in to textField: kumartest@mailcache.com
24/05/2022 12:07:48 [main] INFO  commonUtils.GenericUtility-Enter text in to textField: Bangalore
24/05/2022 12:07:48 [main] INFO  commonUtils.GenericUtility-Select expected value - [Less than 1 Year] from dropdown
24/05/2022 12:07:49 [main] INFO  commonUtils.GenericUtility-Select expected value - [] from dropdown
24/05/2022 12:08:14 [main] INFO  commonUtils.GenericUtility-Actions Mouse Overing to the Element [[ChromeDriver: chrome on WINDOWS (879efb5b1eaceaa856f1bcd0dabbc9ac)] -> xpath: //div[@data-event-type='Explore Programs']]
24/05/2022 12:08:28 [main] INFO  commonUtils.GenericUtility-Enter text in to textField: KumarTesting
24/05/2022 12:08:28 [main] INFO  commonUtils.GenericUtility-Enter text in to textField: 8095303178
24/05/2022 12:08:28 [main] INFO  commonUtils.GenericUtility-Enter text in to textField: kumartest@mailcache.com
24/05/2022 12:14:05 [main] INFO  commonUtils.GenericUtility-Actions Mouse Overing to the Element [[ChromeDriver: chrome on WINDOWS (b577378fd064f46e2d31a8f7ea19f4eb)] -> xpath: //div[@data-event-type='Explore Programs']]
24/05/2022 12:14:21 [main] INFO  commonUtils.GenericUtility-Enter text in to textField: KumarTesting
24/05/2022 12:14:21 [main] INFO  commonUtils.GenericUtility-Enter text in to textField: 8095303178
24/05/2022 12:14:21 [main] INFO  commonUtils.GenericUtility-Enter text in to textField: kumartest@mailcache.com
24/05/2022 12:14:22 [main] INFO  commonUtils.GenericUtility-Enter text in to textField: Bangalore
24/05/2022 12:14:22 [main] INFO  commonUtils.GenericUtility-Select expected value - [Less than 1 Year] from dropdown
24/05/2022 12:14:25 [main] INFO  commonUtils.GenericUtility-Select expected value - [] from dropdown
24/05/2022 15:38:47 [main] INFO  commonUtils.GenericUtility-Actions Mouse Overing to the Element [[ChromeDriver: chrome on WINDOWS (4a994bfbd057aa8f1a254f662cebd1d5)] -> xpath: //div[@data-event-type='Explore Programs']]
24/05/2022 16:14:37 [main] INFO  commonUtils.GenericUtility-Actions Mouse Overing to the Element [[ChromeDriver: chrome on WINDOWS (7acc2fcf937d2498485710b25d9b9ec4)] -> xpath: //div[@data-event-type='Explore Programs']]
24/05/2022 16:14:51 [main] INFO  commonUtils.GenericUtility-Enter text in to textField: KumarTesting
24/05/2022 16:14:51 [main] INFO  commonUtils.GenericUtility-Enter text in to textField: 8095303178
24/05/2022 16:14:52 [main] INFO  commonUtils.GenericUtility-Enter text in to textField: kumartest@mailcache.com
24/05/2022 16:14:52 [main] INFO  commonUtils.GenericUtility-Enter text in to textField: Bangalore
24/05/2022 16:14:53 [main] INFO  commonUtils.GenericUtility-Select expected value - [Less than 1 Year] from dropdown
24/05/2022 16:14:56 [main] INFO  commonUtils.GenericUtility-Select expected value - [] from dropdown
24/05/2022 16:19:01 [main] INFO  commonUtils.GenericUtility-Actions Mouse Overing to the Element [[ChromeDriver: chrome on WINDOWS (8e07b2835c0959a4d04e1ca66b75b813)] -> xpath: //div[@data-event-type='Explore Programs']]
24/05/2022 16:26:13 [main] INFO  commonUtils.GenericUtility-Actions Mouse Overing to the Element [[ChromeDriver: chrome on WINDOWS (1a4b61b815a31b85d0eaaa89ad102999)] -> xpath: //div[@data-event-type='Explore Programs']]
24/05/2022 16:26:27 [main] INFO  commonUtils.GenericUtility-Enter text in to textField: KumarTesting
24/05/2022 16:26:27 [main] INFO  commonUtils.GenericUtility-Enter text in to textField: 8095303178
24/05/2022 16:26:28 [main] INFO  commonUtils.GenericUtility-Enter text in to textField: kumartest@mailcache.com
24/05/2022 16:26:28 [main] INFO  commonUtils.GenericUtility-Enter text in to textField: Bangalore
24/05/2022 16:26:29 [main] INFO  commonUtils.GenericUtility-Select expected value - [Less than 1 Year] from dropdown
24/05/2022 16:26:32 [main] INFO  commonUtils.GenericUtility-Select expected value - [1-2 Years] from dropdown
24/05/2022 16:28:58 [main] INFO  commonUtils.GenericUtility-Actions Mouse Overing to the Element [[ChromeDriver: chrome on WINDOWS (2364df632af87363b33d97bb05b2bcda)] -> xpath: //div[@data-event-type='Explore Programs']]
24/05/2022 16:29:12 [main] INFO  commonUtils.GenericUtility-Enter text in to textField: KumarTesting
24/05/2022 16:29:12 [main] INFO  commonUtils.GenericUtility-Enter text in to textField: 8095303178
24/05/2022 16:29:13 [main] INFO  commonUtils.GenericUtility-Enter text in to textField: kumartest@mailcache.com
24/05/2022 16:29:13 [main] INFO  commonUtils.GenericUtility-Enter text in to textField: Bangalore
24/05/2022 16:29:14 [main] INFO  commonUtils.GenericUtility-Select expected value - [PG Student] from dropdown
24/05/2022 16:29:17 [main] INFO  commonUtils.GenericUtility-Select expected value - [1-2 Years] from dropdown
24/05/2022 16:32:47 [main] INFO  commonUtils.GenericUtility-Actions Mouse Overing to the Element [[ChromeDriver: chrome on WINDOWS (7f10a4a151db0448414d1d8d99851bc6)] -> xpath: //div[@data-event-type='Explore Programs']]
24/05/2022 16:33:01 [main] INFO  commonUtils.GenericUtility-Enter text in to textField: KumarTesting
24/05/2022 16:33:01 [main] INFO  commonUtils.GenericUtility-Enter text in to textField: 8095303178
24/05/2022 16:33:01 [main] INFO  commonUtils.GenericUtility-Enter text in to textField: kumartest@mailcache.com
24/05/2022 16:33:02 [main] INFO  commonUtils.GenericUtility-Enter text in to textField: Bangalore
24/05/2022 16:33:02 [main] INFO  commonUtils.GenericUtility-Select expected value - [PG Student] from dropdown
24/05/2022 16:33:05 [main] INFO  commonUtils.GenericUtility-Select expected value - [1-2 Years] from dropdown
24/05/2022 16:36:10 [main] INFO  commonUtils.GenericUtility-Actions Mouse Overing to the Element [[ChromeDriver: chrome on WINDOWS (7b8e679f3d7f37a836028a9e9d444100)] -> xpath: //div[@data-event-type='Explore Programs']]
24/05/2022 16:36:23 [main] INFO  commonUtils.GenericUtility-Enter text in to textField: KumarTesting
24/05/2022 16:36:24 [main] INFO  commonUtils.GenericUtility-Enter text in to textField: 8095303178
24/05/2022 16:36:24 [main] INFO  commonUtils.GenericUtility-Enter text in to textField: kumartest@mailcache.com
24/05/2022 16:36:24 [main] INFO  commonUtils.GenericUtility-Enter text in to textField: Bangalore
24/05/2022 16:36:25 [main] INFO  commonUtils.GenericUtility-Select expected value - [PG Student] from dropdown
24/05/2022 16:36:27 [main] INFO  commonUtils.GenericUtility-Select expected value - [1-2 Years] from dropdown
24/05/2022 16:41:00 [main] INFO  commonUtils.GenericUtility-Actions Mouse Overing to the Element [[ChromeDriver: chrome on WINDOWS (550a59d035ee69dee62f76e0140e51b8)] -> xpath: //div[@data-event-type='Explore Programs']]
24/05/2022 16:41:13 [main] INFO  commonUtils.GenericUtility-Enter text in to textField: KumarTesting
24/05/2022 16:41:14 [main] INFO  commonUtils.GenericUtility-Enter text in to textField: 8095303178
24/05/2022 16:41:14 [main] INFO  commonUtils.GenericUtility-Enter text in to textField: kumartest@mailcache.com
24/05/2022 16:41:14 [main] INFO  commonUtils.GenericUtility-Enter text in to textField: Bangalore
24/05/2022 16:41:15 [main] INFO  commonUtils.GenericUtility-Select expected value - [PG Student] from dropdown
24/05/2022 16:42:31 [main] INFO  commonUtils.GenericUtility-Actions Mouse Overing to the Element [[ChromeDriver: chrome on WINDOWS (d80b4cc3dd0006e0a198264ccdc5cef8)] -> xpath: //div[@data-event-type='Explore Programs']]
24/05/2022 16:42:44 [main] INFO  commonUtils.GenericUtility-Enter text in to textField: KumarTesting
24/05/2022 16:42:44 [main] INFO  commonUtils.GenericUtility-Enter text in to textField: 8095303178
24/05/2022 16:42:45 [main] INFO  commonUtils.GenericUtility-Enter text in to textField: kumartest@mailcache.com
24/05/2022 16:42:45 [main] INFO  commonUtils.GenericUtility-Enter text in to textField: Bangalore
24/05/2022 16:42:45 [main] INFO  commonUtils.GenericUtility-Select expected value - [PG Student] from dropdown
24/05/2022 16:42:48 [main] INFO  commonUtils.GenericUtility-Select expected value - [1-2 Years] from dropdown
24/05/2022 16:44:37 [main] INFO  commonUtils.GenericUtility-Actions Mouse Overing to the Element [[ChromeDriver: chrome on WINDOWS (1e9bdad804d56e9f5240172f027a94a3)] -> xpath: //div[@data-event-type='Explore Programs']]
24/05/2022 16:44:51 [main] INFO  commonUtils.GenericUtility-Enter text in to textField: KumarTesting
24/05/2022 16:44:51 [main] INFO  commonUtils.GenericUtility-Enter text in to textField: 8095303178
24/05/2022 16:44:51 [main] INFO  commonUtils.GenericUtility-Enter text in to textField: kumartest@mailcache.com
24/05/2022 16:44:51 [main] INFO  commonUtils.GenericUtility-Enter text in to textField: Bangalore
24/05/2022 16:44:52 [main] INFO  commonUtils.GenericUtility-Select expected value - [PG Student] from dropdown
24/05/2022 16:44:55 [main] INFO  commonUtils.GenericUtility-Select expected value - [1-2 Years] from dropdown
24/05/2022 16:46:58 [main] INFO  commonUtils.GenericUtility-Actions Mouse Overing to the Element [[ChromeDriver: chrome on WINDOWS (14c1b96a98df3c798e3f190f770c6092)] -> xpath: //div[@data-event-type='Explore Programs']]
24/05/2022 16:47:11 [main] INFO  commonUtils.GenericUtility-Enter text in to textField: KumarTesting
24/05/2022 16:47:12 [main] INFO  commonUtils.GenericUtility-Enter text in to textField: 8095303178
24/05/2022 16:47:12 [main] INFO  commonUtils.GenericUtility-Enter text in to textField: kumartest@mailcache.com
24/05/2022 16:47:12 [main] INFO  commonUtils.GenericUtility-Enter text in to textField: Bangalore
24/05/2022 16:47:13 [main] INFO  commonUtils.GenericUtility-Select expected value - [PG Student] from dropdown
24/05/2022 16:47:16 [main] INFO  commonUtils.GenericUtility-Select expected value - [1-2 Years] from dropdown
24/05/2022 16:50:05 [main] INFO  commonUtils.GenericUtility-Actions Mouse Overing to the Element [[ChromeDriver: chrome on WINDOWS (1139cf5483fedf056b6d40253f2da2c3)] -> xpath: //div[@data-event-type='Explore Programs']]
24/05/2022 16:50:26 [main] INFO  commonUtils.GenericUtility-Enter text in to textField: KumarTesting
24/05/2022 16:50:26 [main] INFO  commonUtils.GenericUtility-Enter text in to textField: 8095303178
24/05/2022 16:50:26 [main] INFO  commonUtils.GenericUtility-Enter text in to textField: kumartest@mailcache.com
24/05/2022 16:50:27 [main] INFO  commonUtils.GenericUtility-Enter text in to textField: Bangalore
24/05/2022 16:50:27 [main] INFO  commonUtils.GenericUtility-Select expected value - [PG Student] from dropdown
24/05/2022 16:50:30 [main] INFO  commonUtils.GenericUtility-Select expected value - [3-5 Years] from dropdown
24/05/2022 16:53:57 [main] INFO  commonUtils.GenericUtility-Actions Mouse Overing to the Element [[ChromeDriver: chrome on WINDOWS (d9558faf5d6f440b81c01bca18a66ba9)] -> xpath: //div[@data-event-type='Explore Programs']]
24/05/2022 16:54:11 [main] INFO  commonUtils.GenericUtility-Enter text in to textField: KumarTesting
24/05/2022 16:54:12 [main] INFO  commonUtils.GenericUtility-Enter text in to textField: 8095303178
24/05/2022 16:54:12 [main] INFO  commonUtils.GenericUtility-Enter text in to textField: kumartest@mailcache.com
24/05/2022 16:54:12 [main] INFO  commonUtils.GenericUtility-Enter text in to textField: Bangalore
24/05/2022 16:54:13 [main] INFO  commonUtils.GenericUtility-Select expected value - [PG Student] from dropdown
24/05/2022 16:54:15 [main] INFO  commonUtils.GenericUtility-Select expected value - [3-5 Years] from dropdown
24/05/2022 16:54:46 [main] INFO  commonUtils.GenericUtility-Actions Mouse Overing to the Element [[ChromeDriver: chrome on WINDOWS (028193d00bc064fb5c5cc8aebb838712)] -> xpath: //div[@data-event-type='Explore Programs']]
24/05/2022 16:55:00 [main] INFO  commonUtils.GenericUtility-Enter text in to textField: KumarTesting
24/05/2022 16:55:00 [main] INFO  commonUtils.GenericUtility-Enter text in to textField: 8095303178
24/05/2022 16:55:00 [main] INFO  commonUtils.GenericUtility-Enter text in to textField: kumartest@mailcache.com
24/05/2022 16:55:01 [main] INFO  commonUtils.GenericUtility-Enter text in to textField: Bangalore
24/05/2022 16:55:01 [main] INFO  commonUtils.GenericUtility-Select expected value - [PG Student] from dropdown
24/05/2022 16:55:04 [main] INFO  commonUtils.GenericUtility-Select expected value - [3-5 Years] from dropdown
24/05/2022 17:09:31 [main] INFO  commonUtils.GenericUtility-Actions Mouse Overing to the Element [[ChromeDriver: chrome on WINDOWS (e4b134cc0f4771526653bb2d178ccddb)] -> xpath: //div[@data-event-type='Explore Programs']]
24/05/2022 17:09:45 [main] INFO  commonUtils.GenericUtility-Enter text in to textField: KumarTesting
24/05/2022 17:09:45 [main] INFO  commonUtils.GenericUtility-Enter text in to textField: 8095303178
24/05/2022 17:09:45 [main] INFO  commonUtils.GenericUtility-Enter text in to textField: kumartest@mailcache.com
24/05/2022 17:09:46 [main] INFO  commonUtils.GenericUtility-Enter text in to textField: Bangalore
24/05/2022 17:09:46 [main] INFO  commonUtils.GenericUtility-Select expected value - [PG Student] from dropdown
24/05/2022 17:09:49 [main] INFO  commonUtils.GenericUtility-Select expected value - [3-5 Years] from dropdown
24/05/2022 17:26:09 [main] INFO  commonUtils.GenericUtility-Actions Mouse Overing to the Element [[ChromeDriver: chrome on WINDOWS (ff55306b02f2db11efdb4cf7b51d80de)] -> xpath: //div[@data-event-type='Explore Programs']]
24/05/2022 17:27:37 [main] INFO  commonUtils.GenericUtility-Actions Mouse Overing to the Element [[ChromeDriver: chrome on WINDOWS (31c8dd501ab89e08817b9254967a200d)] -> xpath: //div[@data-event-type='Explore Programs']]
24/05/2022 17:27:51 [main] INFO  commonUtils.GenericUtility-Enter text in to textField: KumarTesting
24/05/2022 17:27:51 [main] INFO  commonUtils.GenericUtility-Enter text in to textField: 8095303178
24/05/2022 17:27:51 [main] INFO  commonUtils.GenericUtility-Enter text in to textField: kumartest@mailcache.com
24/05/2022 17:27:51 [main] INFO  commonUtils.GenericUtility-Enter text in to textField: Bangalore
24/05/2022 17:27:52 [main] INFO  commonUtils.GenericUtility-Select expected value - [PG Student] from dropdown
24/05/2022 17:33:11 [main] INFO  commonUtils.GenericUtility-Actions Mouse Overing to the Element [[ChromeDriver: chrome on WINDOWS (d9771fec487a2fe63bd54871045a3747)] -> xpath: //div[@data-event-type='Explore Programs']]
24/05/2022 17:33:25 [main] INFO  commonUtils.GenericUtility-Enter text in to textField: KumarTesting
24/05/2022 17:33:26 [main] INFO  commonUtils.GenericUtility-Enter text in to textField: 8095303178
24/05/2022 17:33:26 [main] INFO  commonUtils.GenericUtility-Enter text in to textField: kumartest@mailcache.com
24/05/2022 17:33:26 [main] INFO  commonUtils.GenericUtility-Enter text in to textField: Bangalore
24/05/2022 17:33:27 [main] INFO  commonUtils.GenericUtility-Select expected value - [PG Student] from dropdown
24/05/2022 17:34:33 [main] INFO  commonUtils.GenericUtility-Actions Mouse Overing to the Element [[ChromeDriver: chrome on WINDOWS (bc4f38adc3f037e68d8541cce5057ea4)] -> xpath: //div[@data-event-type='Explore Programs']]
24/05/2022 17:34:47 [main] INFO  commonUtils.GenericUtility-Enter text in to textField: KumarTesting
24/05/2022 17:34:48 [main] INFO  commonUtils.GenericUtility-Enter text in to textField: 8095303178
24/05/2022 17:34:48 [main] INFO  commonUtils.GenericUtility-Enter text in to textField: kumartest@mailcache.com
24/05/2022 17:34:48 [main] INFO  commonUtils.GenericUtility-Enter text in to textField: Bangalore
24/05/2022 17:34:49 [main] INFO  commonUtils.GenericUtility-Select expected value - [PG Student] from dropdown
24/05/2022 17:37:10 [main] INFO  commonUtils.GenericUtility-Actions Mouse Overing to the Element [[ChromeDriver: chrome on WINDOWS (c9dd15d74f11e639107cc7e4f99104db)] -> xpath: //div[@data-event-type='Explore Programs']]
24/05/2022 17:37:24 [main] INFO  commonUtils.GenericUtility-Enter text in to textField: KumarTesting
24/05/2022 17:37:24 [main] INFO  commonUtils.GenericUtility-Enter text in to textField: 8095303178
24/05/2022 17:37:24 [main] INFO  commonUtils.GenericUtility-Enter text in to textField: kumartest@mailcache.com
24/05/2022 17:37:25 [main] INFO  commonUtils.GenericUtility-Enter text in to textField: Bangalore
24/05/2022 17:37:25 [main] INFO  commonUtils.GenericUtility-Select expected value - [PG Student] from dropdown
24/05/2022 17:37:34 [main] INFO  commonUtils.GenericUtility-Select expected value - [1-2 Years] from dropdown
24/05/2022 17:42:06 [main] INFO  commonUtils.GenericUtility-Actions Mouse Overing to the Element [[ChromeDriver: chrome on WINDOWS (8b6f0b500386c4a5c6829f130c22cc74)] -> xpath: //div[@data-event-type='Explore Programs']]
24/05/2022 17:42:20 [main] INFO  commonUtils.GenericUtility-Enter text in to textField: KumarTesting
24/05/2022 17:42:21 [main] INFO  commonUtils.GenericUtility-Enter text in to textField: 8095303178
24/05/2022 17:42:21 [main] INFO  commonUtils.GenericUtility-Enter text in to textField: kumartest@mailcache.com
24/05/2022 17:42:21 [main] INFO  commonUtils.GenericUtility-Enter text in to textField: Bangalore
24/05/2022 17:42:22 [main] INFO  commonUtils.GenericUtility-Select expected value - [PG Student] from dropdown
24/05/2022 17:47:15 [main] INFO  commonUtils.GenericUtility-Actions Mouse Overing to the Element [[ChromeDriver: chrome on WINDOWS (d170e88d46ac3740c252dae530aae920)] -> xpath: //div[@data-event-type='Explore Programs']]
24/05/2022 17:47:30 [main] INFO  commonUtils.GenericUtility-Enter text in to textField: KumarTesting
24/05/2022 17:47:30 [main] INFO  commonUtils.GenericUtility-Enter text in to textField: 8095303178
24/05/2022 17:47:31 [main] INFO  commonUtils.GenericUtility-Enter text in to textField: kumartest@mailcache.com
24/05/2022 17:47:31 [main] INFO  commonUtils.GenericUtility-Enter text in to textField: Bangalore
24/05/2022 17:47:31 [main] INFO  commonUtils.GenericUtility-Select expected value - [PG Student] from dropdown
24/05/2022 17:49:31 [main] INFO  commonUtils.GenericUtility-Actions Mouse Overing to the Element [[ChromeDriver: chrome on WINDOWS (ce3d88a88e108796a20d836746948cb8)] -> xpath: //div[@data-event-type='Explore Programs']]
24/05/2022 17:49:46 [main] INFO  commonUtils.GenericUtility-Enter text in to textField: KumarTesting
24/05/2022 17:49:46 [main] INFO  commonUtils.GenericUtility-Enter text in to textField: 8095303178
24/05/2022 17:49:46 [main] INFO  commonUtils.GenericUtility-Enter text in to textField: kumartest@mailcache.com
24/05/2022 17:49:47 [main] INFO  commonUtils.GenericUtility-Enter text in to textField: Bangalore
24/05/2022 17:49:47 [main] INFO  commonUtils.GenericUtility-Select expected value - [PG Student] from dropdown
24/05/2022 17:49:59 [main] INFO  commonUtils.GenericUtility-Enter text in to textField: JavaSelenium
24/05/2022 17:51:29 [main] INFO  commonUtils.GenericUtility-Actions Mouse Overing to the Element [[ChromeDriver: chrome on WINDOWS (404a4756103d45f85d369f2fa94e76a2)] -> xpath: //div[@data-event-type='Explore Programs']]
24/05/2022 17:51:43 [main] INFO  commonUtils.GenericUtility-Enter text in to textField: KumarTesting
24/05/2022 17:51:43 [main] INFO  commonUtils.GenericUtility-Enter text in to textField: 8095303178
24/05/2022 17:51:43 [main] INFO  commonUtils.GenericUtility-Enter text in to textField: kumartest@mailcache.com
24/05/2022 17:51:44 [main] INFO  commonUtils.GenericUtility-Enter text in to textField: Bangalore
24/05/2022 17:51:44 [main] INFO  commonUtils.GenericUtility-Select expected value - [PG Student] from dropdown
24/05/2022 17:51:56 [main] INFO  commonUtils.GenericUtility-Enter text in to textField: JavaSelenium
24/05/2022 18:10:10 [main] INFO  commonUtils.GenericUtility-Actions Mouse Overing to the Element [[ChromeDriver: chrome on WINDOWS (fbd4d834a54e05bd2b32459729c1cb14)] -> xpath: //div[@data-event-type='Explore Programs']]
24/05/2022 18:10:24 [main] INFO  commonUtils.GenericUtility-Enter text in to textField: KumarTesting
24/05/2022 18:10:24 [main] INFO  commonUtils.GenericUtility-Enter text in to textField: 8095303178
24/05/2022 18:10:24 [main] INFO  commonUtils.GenericUtility-Enter text in to textField: kumartest@mailcache.com
24/05/2022 18:10:25 [main] INFO  commonUtils.GenericUtility-Enter text in to textField: Bangalore
24/05/2022 18:10:25 [main] INFO  commonUtils.GenericUtility-Select expected value - [PG Student] from dropdown
24/05/2022 18:10:37 [main] INFO  commonUtils.GenericUtility-Enter text in to textField: JavaSelenium
24/05/2022 18:13:29 [main] INFO  commonUtils.GenericUtility-Actions Mouse Overing to the Element [[ChromeDriver: chrome on WINDOWS (804389f5f5e96d055490c8083988a032)] -> xpath: //div[@data-event-type='Explore Programs']]
24/05/2022 18:13:42 [main] INFO  commonUtils.GenericUtility-Enter text in to textField: KumarTesting
24/05/2022 18:13:43 [main] INFO  commonUtils.GenericUtility-Enter text in to textField: 8095303178
24/05/2022 18:13:43 [main] INFO  commonUtils.GenericUtility-Enter text in to textField: kumartest@mailcache.com
24/05/2022 18:13:43 [main] INFO  commonUtils.GenericUtility-Enter text in to textField: Bangalore
24/05/2022 18:13:44 [main] INFO  commonUtils.GenericUtility-Select expected value - [PG Student] from dropdown
24/05/2022 18:13:55 [main] INFO  commonUtils.GenericUtility-Enter text in to textField: JavaSelenium
24/05/2022 18:17:33 [main] INFO  commonUtils.GenericUtility-Actions Mouse Overing to the Element [[ChromeDriver: chrome on WINDOWS (fb8044d27e4a6d2770899d3675cc6cec)] -> xpath: //div[@data-event-type='Explore Programs']]
24/05/2022 18:17:47 [main] INFO  commonUtils.GenericUtility-Enter text in to textField: KumarTesting
24/05/2022 18:17:47 [main] INFO  commonUtils.GenericUtility-Enter text in to textField: 8095303178
24/05/2022 18:17:48 [main] INFO  commonUtils.GenericUtility-Enter text in to textField: kumartest@mailcache.com
24/05/2022 18:17:48 [main] INFO  commonUtils.GenericUtility-Enter text in to textField: Bangalore
24/05/2022 18:17:48 [main] INFO  commonUtils.GenericUtility-Select expected value - [PG Student] from dropdown
24/05/2022 18:18:00 [main] INFO  commonUtils.GenericUtility-Enter text in to textField: JavaSelenium
24/05/2022 18:18:05 [main] INFO  commonUtils.GenericUtility-Select expected value - [B.E./B.Tech.] from dropdown
24/05/2022 18:30:02 [main] INFO  commonUtils.GenericUtility-Actions Mouse Overing to the Element [[ChromeDriver: chrome on WINDOWS (12dd0ec80d7179091e0f9593a863220d)] -> xpath: //div[@data-event-type='Explore Programs']]
24/05/2022 18:30:16 [main] INFO  commonUtils.GenericUtility-Enter text in to textField: KumarTesting
24/05/2022 18:30:16 [main] INFO  commonUtils.GenericUtility-Enter text in to textField: 8095303178
24/05/2022 18:30:16 [main] INFO  commonUtils.GenericUtility-Enter text in to textField: kumartest@mailcache.com
24/05/2022 18:30:16 [main] INFO  commonUtils.GenericUtility-Enter text in to textField: Bangalore
24/05/2022 18:30:17 [main] INFO  commonUtils.GenericUtility-Select expected value - [PG Student] from dropdown
24/05/2022 18:30:29 [main] INFO  commonUtils.GenericUtility-Enter text in to textField: JavaSelenium
24/05/2022 18:30:33 [main] INFO  commonUtils.GenericUtility-Select expected value - [B.E./B.Tech.] from dropdown
24/05/2022 18:30:38 [main] INFO  commonUtils.GenericUtility-Enter text in to textField: Electronic andInstrumentation
24/05/2022 18:30:38 [main] INFO  commonUtils.GenericUtility-Enter text in to textField: madras University
24/05/2022 18:30:42 [main] INFO  commonUtils.GenericUtility-Select expected value - [<Year of Graduation>] from dropdown
24/05/2022 18:30:48 [main] INFO  commonUtils.GenericUtility-Enter text in to textField: 78
24/05/2022 18:34:52 [main] INFO  commonUtils.GenericUtility-Actions Mouse Overing to the Element [[ChromeDriver: chrome on WINDOWS (4a48842cf5b9a210ba2a49d41e715ceb)] -> xpath: //div[@data-event-type='Explore Programs']]
24/05/2022 18:35:40 [main] INFO  commonUtils.GenericUtility-Actions Mouse Overing to the Element [[ChromeDriver: chrome on WINDOWS (d4665ecde056c1a2130d0e3a01094348)] -> xpath: //div[@data-event-type='Explore Programs']]
24/05/2022 18:35:54 [main] INFO  commonUtils.GenericUtility-Enter text in to textField: KumarTesting
24/05/2022 18:35:54 [main] INFO  commonUtils.GenericUtility-Enter text in to textField: 8095303178
24/05/2022 18:35:54 [main] INFO  commonUtils.GenericUtility-Enter text in to textField: kumartest@mailcache.com
24/05/2022 18:35:54 [main] INFO  commonUtils.GenericUtility-Enter text in to textField: Bangalore
24/05/2022 18:35:55 [main] INFO  commonUtils.GenericUtility-Select expected value - [PG Student] from dropdown
24/05/2022 18:36:07 [main] INFO  commonUtils.GenericUtility-Enter text in to textField: JavaSelenium
24/05/2022 18:36:11 [main] INFO  commonUtils.GenericUtility-Select expected value - [B.E./B.Tech.] from dropdown
24/05/2022 18:36:16 [main] INFO  commonUtils.GenericUtility-Enter text in to textField: Electronic andInstrumentation
24/05/2022 18:36:16 [main] INFO  commonUtils.GenericUtility-Enter text in to textField: madras University
24/05/2022 18:36:21 [main] INFO  commonUtils.GenericUtility-Select expected value - [2019] from dropdown
24/05/2022 18:36:25 [main] INFO  commonUtils.GenericUtility-Enter text in to textField: 78
24/05/2022 18:49:34 [main] INFO  commonUtils.GenericUtility-Actions Mouse Overing to the Element [[ChromeDriver: chrome on WINDOWS (58ab80c936df8c38e211480f81159a79)] -> xpath: //div[@data-event-type='Explore Programs']]
24/05/2022 18:49:48 [main] INFO  commonUtils.GenericUtility-Enter text in to textField: KumarTesting
24/05/2022 18:49:48 [main] INFO  commonUtils.GenericUtility-Enter text in to textField: 8095303178
24/05/2022 18:49:48 [main] INFO  commonUtils.GenericUtility-Enter text in to textField: kumartest@mailcache.com
24/05/2022 18:49:49 [main] INFO  commonUtils.GenericUtility-Enter text in to textField: Bangalore
24/05/2022 18:49:49 [main] INFO  commonUtils.GenericUtility-Select expected value - [PG Student] from dropdown
24/05/2022 18:50:01 [main] INFO  commonUtils.GenericUtility-Enter text in to textField: JavaSelenium
24/05/2022 18:50:06 [main] INFO  commonUtils.GenericUtility-Select expected value - [B.E./B.Tech.] from dropdown
24/05/2022 18:50:10 [main] INFO  commonUtils.GenericUtility-Enter text in to textField: Electronic andInstrumentation
24/05/2022 18:50:10 [main] INFO  commonUtils.GenericUtility-Enter text in to textField: madras University
24/05/2022 18:50:15 [main] INFO  commonUtils.GenericUtility-Select expected value - [2019] from dropdown
24/05/2022 18:50:19 [main] INFO  commonUtils.GenericUtility-Enter text in to textField: 78
24/05/2022 19:05:47 [main] INFO  commonUtils.GenericUtility-Actions Mouse Overing to the Element [[ChromeDriver: chrome on WINDOWS (c8bba2b05630e3f371d3599d567efaf4)] -> xpath: //div[@data-event-type='Explore Programs']]
24/05/2022 19:06:01 [main] INFO  commonUtils.GenericUtility-Enter text in to textField: KumarTesting Purpose
24/05/2022 19:06:01 [main] INFO  commonUtils.GenericUtility-Enter text in to textField: 1234567898
24/05/2022 19:06:02 [main] INFO  commonUtils.GenericUtility-Enter text in to textField: kumartest@mailcache.com
24/05/2022 19:06:02 [main] INFO  commonUtils.GenericUtility-Enter text in to textField: Bangalore
24/05/2022 19:06:02 [main] INFO  commonUtils.GenericUtility-Select expected value - [PG Student] from dropdown
24/05/2022 19:06:14 [main] INFO  commonUtils.GenericUtility-Enter text in to textField: JavaSelenium
24/05/2022 19:06:19 [main] INFO  commonUtils.GenericUtility-Select expected value - [B.E./B.Tech.] from dropdown
24/05/2022 19:06:23 [main] INFO  commonUtils.GenericUtility-Enter text in to textField: Electronic and Instrumentation
24/05/2022 19:06:24 [main] INFO  commonUtils.GenericUtility-Enter text in to textField: madras University
24/05/2022 19:06:28 [main] INFO  commonUtils.GenericUtility-Select expected value - [2019] from dropdown
24/05/2022 19:06:33 [main] INFO  commonUtils.GenericUtility-Enter text in to textField: 78
24/05/2022 19:06:37 [main] INFO  commonUtils.GenericUtility-Enter text in to textField: https://www.linkedin.com/signup
24/05/2022 19:06:38 [main] INFO  commonUtils.GenericUtility-Enter text in to textField: Please ignore,its for testing Assignment Purpose
24/05/2022 19:10:13 [main] INFO  commonUtils.GenericUtility-Actions Mouse Overing to the Element [[ChromeDriver: chrome on WINDOWS (18f3838738085bf4d1ded80af5460e6a)] -> xpath: //div[@data-event-type='Explore Programs']]
24/05/2022 19:10:27 [main] INFO  commonUtils.GenericUtility-Enter text in to textField: KumarTesting Purpose
24/05/2022 19:10:28 [main] INFO  commonUtils.GenericUtility-Enter text in to textField: 1234567898
24/05/2022 19:10:28 [main] INFO  commonUtils.GenericUtility-Enter text in to textField: kumartest@mailcache.com
24/05/2022 19:10:28 [main] INFO  commonUtils.GenericUtility-Enter text in to textField: Bangalore
24/05/2022 19:10:29 [main] INFO  commonUtils.GenericUtility-Select expected value - [PG Student] from dropdown
24/05/2022 19:10:41 [main] INFO  commonUtils.GenericUtility-Enter text in to textField: JavaSelenium
24/05/2022 19:10:45 [main] INFO  commonUtils.GenericUtility-Select expected value - [B.E./B.Tech.] from dropdown
24/05/2022 19:10:50 [main] INFO  commonUtils.GenericUtility-Enter text in to textField: Electronic and Instrumentation
24/05/2022 19:10:50 [main] INFO  commonUtils.GenericUtility-Enter text in to textField: madras University
24/05/2022 19:10:54 [main] INFO  commonUtils.GenericUtility-Select expected value - [2019] from dropdown
24/05/2022 19:10:59 [main] INFO  commonUtils.GenericUtility-Enter text in to textField: 78
24/05/2022 19:11:04 [main] INFO  commonUtils.GenericUtility-Enter text in to textField: https://www.linkedin.com/signup
24/05/2022 19:11:04 [main] INFO  commonUtils.GenericUtility-Enter text in to textField: Please ignore,its for testing Assignment Purpose
24/05/2022 19:14:10 [main] INFO  commonUtils.GenericUtility-Actions Mouse Overing to the Element [[ChromeDriver: chrome on WINDOWS (231380a060389e8acbd7e31c587d0a02)] -> xpath: //div[@data-event-type='Explore Programs']]
24/05/2022 19:14:24 [main] INFO  commonUtils.GenericUtility-Enter text in to textField: KumarTesting Purpose
24/05/2022 19:14:24 [main] INFO  commonUtils.GenericUtility-Enter text in to textField: 1234567898
24/05/2022 19:14:24 [main] INFO  commonUtils.GenericUtility-Enter text in to textField: kumartest@mailcache.com
24/05/2022 19:14:25 [main] INFO  commonUtils.GenericUtility-Enter text in to textField: Bangalore
24/05/2022 19:14:25 [main] INFO  commonUtils.GenericUtility-Select expected value - [PG Student] from dropdown
24/05/2022 19:14:37 [main] INFO  commonUtils.GenericUtility-Enter text in to textField: JavaSelenium
24/05/2022 19:14:42 [main] INFO  commonUtils.GenericUtility-Select expected value - [B.E./B.Tech.] from dropdown
24/05/2022 19:14:48 [main] INFO  commonUtils.GenericUtility-Enter text in to textField: Electronic and Instrumentation
24/05/2022 19:14:49 [main] INFO  commonUtils.GenericUtility-Enter text in to textField: madras University
24/05/2022 19:14:53 [main] INFO  commonUtils.GenericUtility-Select expected value - [2019] from dropdown
24/05/2022 19:14:58 [main] INFO  commonUtils.GenericUtility-Enter text in to textField: 78
24/05/2022 19:15:03 [main] INFO  commonUtils.GenericUtility-Enter text in to textField: https://www.linkedin.com/signup
24/05/2022 19:15:03 [main] INFO  commonUtils.GenericUtility-Enter text in to textField: Please ignore,its for testing Assignment Purpose
24/05/2022 19:15:44 [main] INFO  commonUtils.GenericUtility-Actions Mouse Overing to the Element [[ChromeDriver: chrome on WINDOWS (9ead61522849bb3af536d36ced53f21b)] -> xpath: //div[@data-event-type='Explore Programs']]
24/05/2022 19:15:58 [main] INFO  commonUtils.GenericUtility-Enter text in to textField: KumarTesting Purpose
24/05/2022 19:15:59 [main] INFO  commonUtils.GenericUtility-Enter text in to textField: 1234567898
24/05/2022 19:15:59 [main] INFO  commonUtils.GenericUtility-Enter text in to textField: kumartest@mailcache.com
24/05/2022 19:15:59 [main] INFO  commonUtils.GenericUtility-Enter text in to textField: Bangalore
24/05/2022 19:16:00 [main] INFO  commonUtils.GenericUtility-Select expected value - [PG Student] from dropdown
24/05/2022 19:16:12 [main] INFO  commonUtils.GenericUtility-Enter text in to textField: JavaSelenium
24/05/2022 19:16:16 [main] INFO  commonUtils.GenericUtility-Select expected value - [B.E./B.Tech.] from dropdown
24/05/2022 19:16:21 [main] INFO  commonUtils.GenericUtility-Enter text in to textField: Electronic and Instrumentation
24/05/2022 19:16:21 [main] INFO  commonUtils.GenericUtility-Enter text in to textField: madras University
24/05/2022 19:16:26 [main] INFO  commonUtils.GenericUtility-Select expected value - [2019] from dropdown
24/05/2022 19:16:30 [main] INFO  commonUtils.GenericUtility-Enter text in to textField: 78
24/05/2022 19:16:35 [main] INFO  commonUtils.GenericUtility-Enter text in to textField: https://www.linkedin.com/signup
24/05/2022 19:16:36 [main] INFO  commonUtils.GenericUtility-Enter text in to textField: Please ignore,its for testing Assignment Purpose
24/05/2022 19:32:28 [main] INFO  commonUtils.GenericUtility-Actions Mouse Overing to the Element [[ChromeDriver: chrome on WINDOWS (f969fd52cd9c634cbf2ffb31cb0a0826)] -> xpath: //div[@data-event-type='Explore Programs']]
24/05/2022 19:32:42 [main] INFO  commonUtils.GenericUtility-Enter text in to textField: KumarTesting Purpose
24/05/2022 19:32:42 [main] INFO  commonUtils.GenericUtility-Enter text in to textField: 1234567898
24/05/2022 19:32:43 [main] INFO  commonUtils.GenericUtility-Enter text in to textField: kumartest@mailcache.com
24/05/2022 19:32:43 [main] INFO  commonUtils.GenericUtility-Enter text in to textField: Bangalore
24/05/2022 19:32:44 [main] INFO  commonUtils.GenericUtility-Select expected value - [PG Student] from dropdown
24/05/2022 19:32:56 [main] INFO  commonUtils.GenericUtility-Enter text in to textField: JavaSelenium
24/05/2022 19:33:00 [main] INFO  commonUtils.GenericUtility-Select expected value - [B.E./B.Tech.] from dropdown
24/05/2022 19:33:05 [main] INFO  commonUtils.GenericUtility-Enter text in to textField: Electronic and Instrumentation
24/05/2022 19:33:05 [main] INFO  commonUtils.GenericUtility-Enter text in to textField: madras University
24/05/2022 19:33:10 [main] INFO  commonUtils.GenericUtility-Select expected value - [2019] from dropdown
24/05/2022 19:33:14 [main] INFO  commonUtils.GenericUtility-Enter text in to textField: 78
24/05/2022 19:33:19 [main] INFO  commonUtils.GenericUtility-Enter text in to textField: https://www.linkedin.com/signup
24/05/2022 19:33:20 [main] INFO  commonUtils.GenericUtility-Enter text in to textField: Please ignore,its for testing Assignment Purpose
24/05/2022 19:34:43 [main] INFO  commonUtils.GenericUtility-Actions Mouse Overing to the Element [[ChromeDriver: chrome on WINDOWS (55126f5d34bf446417de8e731c785c25)] -> xpath: //div[@data-event-type='Explore Programs']]
24/05/2022 19:34:57 [main] INFO  commonUtils.GenericUtility-Enter text in to textField: KumarTesting Purpose
24/05/2022 19:34:57 [main] INFO  commonUtils.GenericUtility-Enter text in to textField: 1234567898
24/05/2022 19:34:57 [main] INFO  commonUtils.GenericUtility-Enter text in to textField: kumartest@mailcache.com
24/05/2022 19:34:58 [main] INFO  commonUtils.GenericUtility-Enter text in to textField: Bangalore
24/05/2022 19:34:58 [main] INFO  commonUtils.GenericUtility-Select expected value - [PG Student] from dropdown
24/05/2022 19:35:10 [main] INFO  commonUtils.GenericUtility-Enter text in to textField: JavaSelenium
24/05/2022 19:35:15 [main] INFO  commonUtils.GenericUtility-Select expected value - [B.E./B.Tech.] from dropdown
24/05/2022 19:35:19 [main] INFO  commonUtils.GenericUtility-Enter text in to textField: Electronic and Instrumentation
24/05/2022 19:35:20 [main] INFO  commonUtils.GenericUtility-Enter text in to textField: madras University
24/05/2022 19:35:24 [main] INFO  commonUtils.GenericUtility-Select expected value - [2019] from dropdown
24/05/2022 19:35:29 [main] INFO  commonUtils.GenericUtility-Enter text in to textField: 78
24/05/2022 19:35:33 [main] INFO  commonUtils.GenericUtility-Enter text in to textField: https://www.linkedin.com/signup
24/05/2022 19:53:36 [main] INFO  commonUtils.GenericUtility-Actions Mouse Overing to the Element [[ChromeDriver: chrome on WINDOWS (8742bb96b4a9155837edc293f867e301)] -> xpath: //div[@data-event-type='Explore Programs']]
24/05/2022 19:53:41 [main] INFO  c.g.page.GreatLearningPage-Cloud Computing
24/05/2022 19:55:37 [main] INFO  commonUtils.GenericUtility-Actions Mouse Overing to the Element [[ChromeDriver: chrome on WINDOWS (1e611f8608db4f1a93d5b49f7ee82062)] -> xpath: //div[@data-event-type='Explore Programs']]
24/05/2022 19:55:52 [main] INFO  commonUtils.GenericUtility-Enter text in to textField: KumarTesting Purpose
24/05/2022 19:55:52 [main] INFO  commonUtils.GenericUtility-Enter text in to textField: 1234567898
24/05/2022 19:55:52 [main] INFO  commonUtils.GenericUtility-Enter text in to textField: kumartest@mailcache.com
24/05/2022 19:55:53 [main] INFO  commonUtils.GenericUtility-Enter text in to textField: Bangalore
24/05/2022 19:55:54 [main] INFO  commonUtils.GenericUtility-Select expected value - [PG Student] from dropdown
24/05/2022 19:56:06 [main] INFO  commonUtils.GenericUtility-Enter text in to textField: JavaSelenium
24/05/2022 19:56:11 [main] INFO  commonUtils.GenericUtility-Select expected value - [B.E./B.Tech.] from dropdown
24/05/2022 19:56:15 [main] INFO  commonUtils.GenericUtility-Enter text in to textField: Electronic and Instrumentation
24/05/2022 19:56:16 [main] INFO  commonUtils.GenericUtility-Enter text in to textField: madras University
24/05/2022 19:56:20 [main] INFO  commonUtils.GenericUtility-Select expected value - [2019] from dropdown
24/05/2022 19:56:25 [main] INFO  commonUtils.GenericUtility-Enter text in to textField: 78
24/05/2022 19:56:30 [main] INFO  commonUtils.GenericUtility-Enter text in to textField: https://www.linkedin.com/signup
24/05/2022 19:56:30 [main] INFO  commonUtils.GenericUtility-Enter text in to textField: Please ignore,its for testing Assignment Purpose
